************ Start Display Current Environment ************
Host Operating System is Windows 10, version 10.0
Java version = 1.8.0_371, Java Runtime Version = 8.0.8.6 - pwa6480sr8fp6-20230601_01(SR8 FP6), Java Compiler = j9jit29, Java VM name = IBM J9 VM
was.install.root = C:\Program Files\IBM\WebSphere\AppServer
user.install.root = C:\Program Files\IBM\WebSphere\AppServer\profiles\AppSrv02
Java Home = C:\Program Files\IBM\WebSphere\AppServer\java\8.0\jre
ws.ext.dirs = C:\\Program Files\\IBM\\WebSphere\\AppServer\\java\\8.0\\lib;C:\\Program Files\\IBM\\WebSphere\\AppServer\\classes;C:\\Program Files\\IBM\\WebSphere\\AppServer\\lib;C:\\Program Files\\IBM\\WebSphere\\AppServer\\installedChannels;C:\\Program Files\\IBM\\WebSphere\\AppServer\\lib\\ext;C:\\Program Files\\IBM\\WebSphere\\AppServer\\web\\help;C:\\Program Files\\IBM\\WebSphere\\AppServer\\deploytool\\itp\\plugins\\com.ibm.etools.ejbdeploy\\runtime
Classpath = C:\Program Files\IBM\WebSphere\AppServer\profiles\AppSrv02\properties;C:\Program Files\IBM\WebSphere\AppServer\properties;C:\Program Files\IBM\WebSphere\AppServer\lib\startup.jar;C:\Program Files\IBM\WebSphere\AppServer\lib\bootstrap.jar;C:\Program Files\IBM\WebSphere\AppServer\java\8.0\lib\tools.jar;C:\Program Files\IBM\WebSphere\AppServer/lib/lmproxy.jar;C:\Program Files\IBM\WebSphere\AppServer/lib/urlprotocols.jar;C:\Program Files\IBM\WebSphere\AppServer\deploytool\itp\batchboot.jar;C:\Program Files\IBM\WebSphere\AppServer\deploytool\itp\batch2.jar
Java Library path = C:\Program Files\IBM\WebSphere\AppServer\java\8.0\jre\bin\compressedrefs;C:\Program Files\IBM\WebSphere\AppServer\java\8.0\jre\bin;C:\Windows\system32;C:\Windows;C:\Program Files\IBM\WebSphere\AppServer\lib\native\win\x86_64;C:\Program Files\IBM\WebSphere\AppServer\bin;C:\Program Files\IBM\WebSphere\AppServer\java\8.0\bin;C:\Program Files\IBM\WebSphere\AppServer\java\8.0\jre\bin;C:/Users/LC-110/.p2/pool/plugins/org.eclipse.justj.openjdk.hotspot.jre.full.win32.x86_64_19.0.2.v20230129-1123/jre/bin/server;C:/Users/LC-110/.p2/pool/plugins/org.eclipse.justj.openjdk.hotspot.jre.full.win32.x86_64_19.0.2.v20230129-1123/jre/bin;C:\Program Files (x86)\Common Files\Oracle\Java\javapath;C:\Program Files (x86)\Microsoft SDKs\Azure\CLI2\wbin;C:\Program Files\Common Files\Oracle\Java\javapath;C:\Windows\system32;C:\Windows;C:\Windows\System32\Wbem;C:\Windows\System32\WindowsPowerShell\v1.0\;C:\Windows\System32\OpenSSH\;C:\Program Files\Git\cmd;C:\Program Files\Kubernetes\Minikube;D:\software-setup\application_setup\helm-v3.11.2-windows-amd64\windows-amd64;;C:\Program Files\Docker\Docker\resources\bin;C:\Program Files\SourceGear\Common\DiffMerge\;C:\Program Files\PuTTY\;C:\Users\LC-110\AppData\Local\Microsoft\WindowsApps;C:\Users\LC-110\AppData\Local\Programs\Microsoft VS Code\bin;C:\Users\LC-110\Desktop;;.
Orb Version = IBM Java ORB build orbdev-userlvl-20230413.0323
Max file descriptor count = --
Current trace specification = *=info
************* End Display Current Environment *************
[8/4/23 15:49:56:118 IST] 00000001 ManagerAdmin  I   TRAS0017I: The startup trace state is *=info.
[8/4/23 15:50:00:981 IST] 00000001 AbstractShell A   Jython version=2.7
[8/4/23 15:50:00:987 IST] 00000001 AbstractShell A   WASX7326I: Loaded properties file "/C:/Program%20Files/IBM/WebSphere/AppServer/profiles/AppSrv02/properties/wsadmin.properties"
[8/4/23 15:50:03:952 IST] 00000001 ProviderTrack I com.ibm.ffdc.osgi.ProviderTracker AddingService FFDC1007I: FFDC Provider Installed: com.ibm.ffdc.util.provider.FfdcOnDirProvider@51ccfe
[8/4/23 15:50:08:608 IST] 00000001 SSLConfig     W   CWPKI0041W: One or more key stores are using the default password.
[8/4/23 15:50:08:615 IST] 00000001 SSLConfigMana I   CWPKI0051I: The process has the java security property jdk.certpath.disabledAlgorithms set to [MD2, MD5, SHA1 jdkCA & usage TLSServer, RSA keySize < 1024, DSA keySize < 1024, EC keySize < 224, include jdk.disabled.namedCurves, SHA1 usage SignedJAR & denyAfter 2019-01-01].  The WebSphere Application server is setting the java security property jdk.certpath.disabledAlgorithms to [MD2, MD5, SHA1 jdkCA & usage TLSServer, RSA keySize < 1024, DSA keySize < 1024, EC keySize < 224]. 
[8/4/23 15:50:08:616 IST] 00000001 SSLConfigMana I   CWPKI0051I: The process has the java security property jdk.tls.disabledAlgorithms set to [SSLv3, TLSv1, TLSv1.1, RC4, DES, MD5withRSA, DH keySize < 1024, DESede, EC keySize < 224, 3DES_EDE_CBC, anon, NULL, DES_CBC, include jdk.disabled.namedCurves].  The WebSphere Application server is setting the java security property jdk.tls.disabledAlgorithms to [SSLv3, RC4, DES, MD5withRSA, DH keySize < 1024, DESede, EC keySize < 224, 3DES_EDE_CBC, anon, NULL, DES_CBC]. 
[8/4/23 15:50:08:618 IST] 00000001 SSLConfigMana I   CWPKI0027I: Disabling default hostname verification for HTTPS URL connections.
[8/4/23 15:50:08:623 IST] 00000001 SecurityObjec I   CWSCF0002I: The client code is attempting to load the security configuration the server and this operation is not allowed.
[8/4/23 15:50:10:052 IST] 00000001 AdminConfigCl A   WASX7208I: Validation settings in effect now: Level=HIGHEST, Cross-validation=true, Output file=C:/Program Files/IBM/WebSphere/AppServer/profiles/AppSrv02/logs/wsadmin.valout
[8/4/23 15:50:14:374 IST] 00000001 AbstractShell A   WASX7303I: The following options are passed to the scripting environment and are available as arguments that are stored in the argv variable: "[-o, deploy]"
[8/4/23 15:50:14:375 IST] 00000001 AbstractShell A   WASX7091I: Executing script: "D:\jsf-workspace\jsf-spring-websphere\target\was-maven-plugin\py\deploy-localhost-jsf-spring-websphere-0.0.1-SNAPSHOT-20230804-154948-855.py"
